#
# There is insufficient memory for the Java Runtime Environment to continue.
# Native memory allocation (malloc) failed to allocate 1048576 bytes. Error detail: AllocateHeap
# Possible reasons:
#   The system is out of physical RAM or swap space
#   This process is running with CompressedOops enabled, and the Java Heap may be blocking the growth of the native heap
# Possible solutions:
#   Reduce memory load on the system
#   Increase physical memory or swap space
#   Check if swap backing store is full
#   Decrease Java heap size (-Xmx/-Xms)
#   Decrease number of Java threads
#   Decrease Java thread stack sizes (-Xss)
#   Set larger code cache with -XX:ReservedCodeCacheSize=
#   JVM is running with Unscaled Compressed Oops mode in which the Java heap is
#     placed in the first 4GB address space. The Java Heap base address is the
#     maximum limit for the native heap growth. Please use -XX:HeapBaseMinAddress
#     to set the Java Heap base and to place the Java Heap above 4GB virtual address.
# This output file may be truncated or incomplete.
#
#  Out of Memory Error (allocation.cpp:44), pid=33052, tid=33376
#
# JRE version: OpenJDK Runtime Environment Temurin-21.0.10+7 (21.0.10+7) (build 21.0.10+7-LTS)
# Java VM: OpenJDK 64-Bit Server VM Temurin-21.0.10+7 (21.0.10+7-LTS, mixed mode, sharing, tiered, compressed oops, compressed class ptrs, parallel gc, windows-amd64)
# No core dump will be written. Minidumps are not enabled by default on client versions of Windows
#

---------------  S U M M A R Y ------------

Command Line: --add-modules=ALL-SYSTEM --add-opens=java.base/java.util=ALL-UNNAMED --add-opens=java.base/java.lang=ALL-UNNAMED --add-opens=java.base/sun.nio.fs=ALL-UNNAMED -Declipse.application=org.eclipse.jdt.ls.core.id1 -Dosgi.bundles.defaultStartLevel=4 -Declipse.product=org.eclipse.jdt.ls.core.product -Djava.import.generatesMetadataFilesAtProjectRoot=false -DDetectVMInstallationsJob.disabled=true -Dfile.encoding=utf8 -XX:+UseParallelGC -XX:GCTimeRatio=4 -XX:AdaptiveSizePolicyWeight=90 -Dsun.zip.disableMemoryMapping=true -Xmx2G -Xms100m -Xlog:disable -javaagent:c:\Users\marti\.vscode\extensions\redhat.java-1.54.0-win32-x64\lombok\lombok-1.18.39-4050.jar -XX:+HeapDumpOnOutOfMemoryError -XX:HeapDumpPath=c:\Users\marti\AppData\Roaming\Code\User\workspaceStorage\2b74d1d98770de0873ffd1bdd85b52c3\redhat.java -Daether.dependencyCollector.impl=bf c:\Users\marti\.vscode\extensions\redhat.java-1.54.0-win32-x64\server\plugins\org.eclipse.equinox.launcher_1.7.100.v20251111-0406.jar -configuration c:\Users\marti\AppData\Roaming\Code\User\globalStorage\redhat.java\1.54.0\config_win -data c:\Users\marti\AppData\Roaming\Code\User\workspaceStorage\2b74d1d98770de0873ffd1bdd85b52c3\redhat.java\jdt_ws --pipe=\\.\pipe\lsp-a3f67a86c3d8839fd9058f2741805e04-sock

Host: AMD Ryzen 5 7520U with Radeon Graphics         , 8 cores, 5G,  Windows 11 , 64 bit Build 26100 (10.0.26100.8246)
Time: Mon May 11 21:37:31 2026 Hora estándar de Argentina elapsed time: 294.296103 seconds (0d 0h 4m 54s)

---------------  T H R E A D  ---------------

Current thread (0x00000257173f6180):  JavaThread "Attach Listener" daemon [_thread_in_vm, id=33376, stack(0x0000009105800000,0x0000009105900000) (1024K)]

Stack: [0x0000009105800000,0x0000009105900000]
Native frames: (J=compiled Java code, j=interpreted, Vv=VM code, C=native code)
V  [jvm.dll+0x6d7a39]
V  [jvm.dll+0x8b4b26]
V  [jvm.dll+0x8b70de]
V  [jvm.dll+0x8b77c3]
V  [jvm.dll+0x284346]
V  [jvm.dll+0xc1277]
V  [jvm.dll+0x6d82e9]
V  [jvm.dll+0x1334a6]
V  [jvm.dll+0x3f857e]
V  [jvm.dll+0x85f59d]
V  [jvm.dll+0x6d626d]
C  [ucrtbase.dll+0x37b0]
C  [KERNEL32.DLL+0x2e8d7]
C  [ntdll.dll+0x8c3fc]


---------------  P R O C E S S  ---------------

Threads class SMR info:
_java_thread_list=0x000002575f36aa90, length=34, elements={
0x000002577e3b8d30, 0x0000025700a39630, 0x0000025700a3da30, 0x00000257173f5620,
0x00000257173f6180, 0x00000257173fa5f0, 0x00000257173fea60, 0x00000257174080e0,
0x000002571742a1a0, 0x000002575e216c80, 0x000002575e3655d0, 0x000002575eb94f90,
0x000002575e7e8680, 0x000002575ec25580, 0x000002575ec25fc0, 0x000002575eed4540,
0x000002575f473aa0, 0x000002575f1a80b0, 0x000002575e091610, 0x000002575e090260,
0x00000257612100d0, 0x00000257612121a0, 0x0000025761210760, 0x0000025761212830,
0x0000025761211b10, 0x0000025761212ec0, 0x0000025761214270, 0x0000025761210df0,
0x0000025761215cb0, 0x0000025761217060, 0x0000025761216340, 0x00000257612176f0,
0x0000025761214900, 0x00000257612169d0
}

Java Threads: ( => current thread )
  0x000002577e3b8d30 JavaThread "main"                              [_thread_blocked, id=12456, stack(0x0000009105100000,0x0000009105200000) (1024K)]
  0x0000025700a39630 JavaThread "Reference Handler"          daemon [_thread_blocked, id=20720, stack(0x0000009105500000,0x0000009105600000) (1024K)]
  0x0000025700a3da30 JavaThread "Finalizer"                  daemon [_thread_blocked, id=17476, stack(0x0000009105600000,0x0000009105700000) (1024K)]
  0x00000257173f5620 JavaThread "Signal Dispatcher"          daemon [_thread_blocked, id=21056, stack(0x0000009105700000,0x0000009105800000) (1024K)]
=>0x00000257173f6180 JavaThread "Attach Listener"            daemon [_thread_in_vm, id=33376, stack(0x0000009105800000,0x0000009105900000) (1024K)]
  0x00000257173fa5f0 JavaThread "Service Thread"             daemon [_thread_blocked, id=30084, stack(0x0000009105900000,0x0000009105a00000) (1024K)]
  0x00000257173fea60 JavaThread "Monitor Deflation Thread"   daemon [_thread_blocked, id=7236, stack(0x0000009105a00000,0x0000009105b00000) (1024K)]
  0x00000257174080e0 JavaThread "C2 CompilerThread0"         daemon [_thread_blocked, id=11876, stack(0x0000009105b00000,0x0000009105c00000) (1024K)]
  0x000002571742a1a0 JavaThread "C1 CompilerThread0"         daemon [_thread_blocked, id=17788, stack(0x0000009105c00000,0x0000009105d00000) (1024K)]
  0x000002575e216c80 JavaThread "Common-Cleaner"             daemon [_thread_blocked, id=2716, stack(0x0000009105d00000,0x0000009105e00000) (1024K)]
  0x000002575e3655d0 JavaThread "Notification Thread"        daemon [_thread_blocked, id=24960, stack(0x0000009105e00000,0x0000009105f00000) (1024K)]
  0x000002575eb94f90 JavaThread "Active Thread: Equinox Container: 2ebc5711-542e-455a-83de-0ee22da7f4b6"        [_thread_blocked, id=14804, stack(0x0000009105f00000,0x0000009106000000) (1024K)]
  0x000002575e7e8680 JavaThread "Refresh Thread: Equinox Container: 2ebc5711-542e-455a-83de-0ee22da7f4b6" daemon [_thread_blocked, id=2632, stack(0x0000009106700000,0x0000009106800000) (1024K)]
  0x000002575ec25580 JavaThread "Framework Event Dispatcher: Equinox Container: 2ebc5711-542e-455a-83de-0ee22da7f4b6" daemon [_thread_blocked, id=21044, stack(0x0000009106800000,0x0000009106900000) (1024K)]
  0x000002575ec25fc0 JavaThread "Start Level: Equinox Container: 2ebc5711-542e-455a-83de-0ee22da7f4b6" daemon [_thread_blocked, id=17072, stack(0x0000009106900000,0x0000009106a00000) (1024K)]
  0x000002575eed4540 JavaThread "Bundle File Closer"         daemon [_thread_blocked, id=22288, stack(0x0000009106b00000,0x0000009106c00000) (1024K)]
  0x000002575f473aa0 JavaThread "SCR Component Actor"        daemon [_thread_blocked, id=31284, stack(0x0000009106a00000,0x0000009106b00000) (1024K)]
  0x000002575f1a80b0 JavaThread "Worker-JM"                         [_thread_blocked, id=15920, stack(0x0000009106c00000,0x0000009106d00000) (1024K)]
  0x000002575e091610 JavaThread "JNA Cleaner"                daemon [_thread_blocked, id=16208, stack(0x0000009106d00000,0x0000009106e00000) (1024K)]
  0x000002575e090260 JavaThread "Worker-1"                          [_thread_blocked, id=32044, stack(0x0000009107000000,0x0000009107100000) (1024K)]
  0x00000257612100d0 JavaThread "Java indexing"              daemon [_thread_blocked, id=22068, stack(0x0000009107200000,0x0000009107300000) (1024K)]
  0x00000257612121a0 JavaThread "Worker-5"                          [_thread_blocked, id=8884, stack(0x0000009107700000,0x0000009107800000) (1024K)]
  0x0000025761210760 JavaThread "Thread-1"                   daemon [_thread_in_native, id=10344, stack(0x0000009107900000,0x0000009107a00000) (1024K)]
  0x0000025761212830 JavaThread "Thread-2"                   daemon [_thread_in_native, id=31452, stack(0x0000009107a00000,0x0000009107b00000) (1024K)]
  0x0000025761211b10 JavaThread "Thread-3"                   daemon [_thread_in_native, id=11368, stack(0x0000009107b00000,0x0000009107c00000) (1024K)]
  0x0000025761212ec0 JavaThread "Thread-4"                   daemon [_thread_in_native, id=22056, stack(0x0000009107c00000,0x0000009107d00000) (1024K)]
  0x0000025761214270 JavaThread "Thread-5"                   daemon [_thread_in_native, id=14252, stack(0x0000009107d00000,0x0000009107e00000) (1024K)]
  0x0000025761210df0 JavaThread "Thread-6"                   daemon [_thread_in_native, id=30336, stack(0x0000009107e00000,0x0000009107f00000) (1024K)]
  0x0000025761215cb0 JavaThread "Thread-7"                   daemon [_thread_in_native, id=31456, stack(0x0000009107f00000,0x0000009108000000) (1024K)]
  0x0000025761217060 JavaThread "Thread-8"                   daemon [_thread_in_native, id=31480, stack(0x0000009108000000,0x0000009108100000) (1024K)]
  0x0000025761216340 JavaThread "Thread-9"                   daemon [_thread_in_native, id=24472, stack(0x0000009108100000,0x0000009108200000) (1024K)]
  0x00000257612176f0 JavaThread "pool-2-thread-1"                   [_thread_blocked, id=22188, stack(0x0000009108200000,0x0000009108300000) (1024K)]
  0x0000025761214900 JavaThread "WorkspaceEventsHandler"            [_thread_blocked, id=9828, stack(0x0000009108300000,0x0000009108400000) (1024K)]
  0x00000257612169d0 JavaThread "pool-1-thread-1"                   [_thread_blocked, id=24492, stack(0x0000009108400000,0x0000009108500000) (1024K)]
Total: 34

Other Threads:
  0x0000025700a1e980 VMThread "VM Thread"                           [id=27536, stack(0x0000009105400000,0x0000009105500000) (1024K)]
  0x000002571730ba00 WatcherThread "VM Periodic Task Thread"        [id=15516, stack(0x0000009105300000,0x0000009105400000) (1024K)]
  0x0000025700999330 WorkerThread "GC Thread#0"                     [id=6976, stack(0x0000009105200000,0x0000009105300000) (1024K)]
  0x000002575e54e920 WorkerThread "GC Thread#1"                     [id=30876, stack(0x0000009106000000,0x0000009106100000) (1024K)]
  0x000002575e640930 WorkerThread "GC Thread#2"                     [id=20360, stack(0x0000009106100000,0x0000009106200000) (1024K)]
  0x000002575e486fa0 WorkerThread "GC Thread#3"                     [id=4688, stack(0x0000009106200000,0x0000009106300000) (1024K)]
  0x000002575e489360 WorkerThread "GC Thread#4"                     [id=8924, stack(0x0000009106300000,0x0000009106400000) (1024K)]
  0x000002575e489710 WorkerThread "GC Thread#5"                     [id=25516, stack(0x0000009106400000,0x0000009106500000) (1024K)]
  0x000002575e489ac0 WorkerThread "GC Thread#6"                     [id=19936, stack(0x0000009106500000,0x0000009106600000) (1024K)]
  0x000002575ec2c420 WorkerThread "GC Thread#7"                     [id=3960, stack(0x0000009106600000,0x0000009106700000) (1024K)]
Total: 10

Threads with active compile tasks:
Total: 0

VM state: not at safepoint (normal execution)

VM Mutex/Monitor currently owned by a thread: None

Heap address: 0x0000000080000000, size: 2048 MB, Compressed Oops mode: 32-bit

CDS archive(s) mapped at: [0x0000025718000000-0x0000025718ba0000-0x0000025718ba0000), size 12189696, SharedBaseAddress: 0x0000025718000000, ArchiveRelocationMode: 1.
Compressed class space mapped at: 0x0000025719000000-0x0000025759000000, reserved size: 1073741824
Narrow klass base: 0x0000025718000000, Narrow klass shift: 0, Narrow klass range: 0x100000000

GC Precious Log:
 CardTable entry size: 512
 CPUs: 8 total, 8 available
 Memory: 5965M
 Large Page Support: Disabled
 NUMA Support: Disabled
 Compressed Oops: Enabled (32-bit)
 Alignments: Space 512K, Generation 512K, Heap 2M
 Heap Min Capacity: 100M
 Heap Initial Capacity: 100M
 Heap Max Capacity: 2G
 Pre-touch: Disabled
 Parallel Workers: 8

Heap:
 PSYoungGen      total 5120K, used 3710K [0x00000000d5580000, 0x00000000d5d00000, 0x0000000100000000)
  eden space 3584K, 84% used [0x00000000d5580000,0x00000000d5877b78,0x00000000d5900000)
  from space 1536K, 43% used [0x00000000d5a00000,0x00000000d5aa8060,0x00000000d5b80000)
  to   space 1024K, 0% used [0x00000000d5c00000,0x00000000d5c00000,0x00000000d5d00000)
 ParOldGen       total 396800K, used 396633K [0x0000000080000000, 0x0000000098380000, 0x00000000d5580000)
  object space 396800K, 99% used [0x0000000080000000,0x0000000098356508,0x0000000098380000)
 Metaspace       used 52615K, committed 53888K, reserved 1114112K
  class space    used 5657K, committed 6208K, reserved 1048576K

Card table byte_map: [0x0000025700350000,0x0000025700760000] _byte_map_base: 0x00000256fff50000

Marking Bits: (ParMarkBitMap*) 0x00007fffb3733450
 Begin Bits: [0x0000025712e30000, 0x0000025714e30000)
 End Bits:   [0x0000025714e30000, 0x0000025716e30000)

Polling page: 0x0000025700140000

Metaspace:

Usage:
  Non-class:     45.86 MB used.
      Class:      5.53 MB used.
       Both:     51.38 MB used.

Virtual space:
  Non-class space:       64.00 MB reserved,      46.56 MB ( 73%) committed,  1 nodes.
      Class space:        1.00 GB reserved,       6.06 MB ( <1%) committed,  1 nodes.
             Both:        1.06 GB reserved,      52.62 MB (  5%) committed. 

Chunk freelists:
   Non-Class:  784.00 KB
       Class:  9.88 MB
        Both:  10.64 MB

MaxMetaspaceSize: unlimited
CompressedClassSpaceSize: 1.00 GB
Initial GC threshold: 21.00 MB
Current GC threshold: 58.38 MB
CDS: on
 - commit_granule_bytes: 65536.
 - commit_granule_words: 8192.
 - virtual_space_node_default_size: 8388608.
 - enlarge_chunks_in_place: 1.
 - use_allocation_guard: 0.


Internal statistics:

num_allocs_failed_limit: 6.
num_arena_births: 894.
num_arena_deaths: 20.
num_vsnodes_births: 2.
num_vsnodes_deaths: 0.
num_space_committed: 842.
num_space_uncommitted: 0.
num_chunks_returned_to_freelist: 27.
num_chunks_taken_from_freelist: 3293.
num_chunk_merges: 10.
num_chunk_splits: 2055.
num_chunks_enlarged: 1173.
num_inconsistent_stats: 0.

CodeHeap 'non-profiled nmethods': size=120000Kb used=5208Kb max_used=5208Kb free=114791Kb
 bounds [0x000002570b650000, 0x000002570bb70000, 0x0000025712b80000]
CodeHeap 'profiled nmethods': size=120000Kb used=16266Kb max_used=16266Kb free=103733Kb
 bounds [0x0000025703b80000, 0x0000025704b70000, 0x000002570b0b0000]
CodeHeap 'non-nmethods': size=5760Kb used=1400Kb max_used=1471Kb free=4359Kb
 bounds [0x000002570b0b0000, 0x000002570b320000, 0x000002570b650000]
CodeCache: size=245760Kb, used=22874Kb, max_used=22945Kb, free=222883Kb
 total_blobs=8418, nmethods=7711, adapters=613, full_count=0
Compilation: enabled, stopped_count=0, restarted_count=0

Compilation events (20 events):
Event: 32.596 Thread 0x00000257174080e0 8229       4       java.lang.String::regionMatches (150 bytes)
Event: 32.601 Thread 0x00000257174080e0 nmethod 8229 0x000002570bb65190 code [0x000002570bb65340, 0x000002570bb65748]
Event: 32.601 Thread 0x00000257174080e0 8261       4       java.lang.Long::hashCode (8 bytes)
Event: 32.601 Thread 0x00000257174080e0 nmethod 8261 0x000002570bb65990 code [0x000002570bb65b00, 0x000002570bb65b78]
Event: 62.598 Thread 0x000002571742a1a0 8305       3       java.util.concurrent.ThreadPoolExecutor::workerCountOf (5 bytes)
Event: 62.600 Thread 0x000002571742a1a0 nmethod 8305 0x0000025704b60410 code [0x0000025704b605a0, 0x0000025704b60698]
Event: 122.613 Thread 0x000002571742a1a0 8306       3       java.util.concurrent.ScheduledThreadPoolExecutor::canRunInCurrentRunState (61 bytes)
Event: 122.632 Thread 0x000002571742a1a0 nmethod 8306 0x0000025704b60710 code [0x0000025704b60920, 0x0000025704b610d0]
Event: 128.969 Thread 0x00000257174080e0 8307       4       java.util.concurrent.locks.AbstractQueuedSynchronizer$ConditionObject::signal (34 bytes)
Event: 128.986 Thread 0x00000257174080e0 nmethod 8307 0x000002570bb65c90 code [0x000002570bb65e40, 0x000002570bb65f78]
Event: 146.131 Thread 0x000002571742a1a0 8308       3       org.eclipse.core.internal.jobs.JobManager$$Lambda/0x0000025719226000::applyAsLong (9 bytes)
Event: 146.188 Thread 0x000002571742a1a0 nmethod 8308 0x0000025704b61310 code [0x0000025704b614e0, 0x0000025704b61738]
Event: 146.190 Thread 0x000002571742a1a0 8309       3       java.util.concurrent.atomic.AtomicLong::updateAndGet (59 bytes)
Event: 146.215 Thread 0x000002571742a1a0 nmethod 8309 0x0000025704b61890 code [0x0000025704b61a80, 0x0000025704b61f88]
Event: 146.215 Thread 0x000002571742a1a0 8310       3       org.eclipse.core.internal.jobs.JobManager::lambda$3 (9 bytes)
Event: 146.216 Thread 0x000002571742a1a0 nmethod 8310 0x0000025704b62210 code [0x0000025704b623c0, 0x0000025704b625a8]
Event: 146.216 Thread 0x000002571742a1a0 8311       3       java.util.concurrent.atomic.AtomicLong::weakCompareAndSetVolatile (13 bytes)
Event: 146.223 Thread 0x000002571742a1a0 nmethod 8311 0x0000025704b62690 code [0x0000025704b62840, 0x0000025704b629a0]
Event: 151.286 Thread 0x000002571742a1a0 8312       1       java.util.concurrent.ThreadPoolExecutor::getQueue (5 bytes)
Event: 151.294 Thread 0x000002571742a1a0 nmethod 8312 0x000002570bb66090 code [0x000002570bb66220, 0x000002570bb662e8]

GC Heap History (20 events):
Event: 25.361 GC heap before
{Heap before GC invocations=266 (full 2):
 PSYoungGen      total 3584K, used 2176K [0x00000000d5580000, 0x00000000d5b00000, 0x0000000100000000)
  eden space 1024K, 100% used [0x00000000d5580000,0x00000000d5680000,0x00000000d5680000)
  from space 2560K, 45% used [0x00000000d5680000,0x00000000d57a0000,0x00000000d5900000)
  to   space 2048K, 0% used [0x00000000d5900000,0x00000000d5900000,0x00000000d5b00000)
 ParOldGen       total 385024K, used 384882K [0x0000000080000000, 0x0000000097800000, 0x00000000d5580000)
  object space 385024K, 99% used [0x0000000080000000,0x00000000977dca10,0x0000000097800000)
 Metaspace       used 51460K, committed 52736K, reserved 1114112K
  class space    used 5558K, committed 6080K, reserved 1048576K
}
Event: 25.363 GC heap after
{Heap after GC invocations=266 (full 2):
 PSYoungGen      total 3072K, used 1120K [0x00000000d5580000, 0x00000000d5a80000, 0x0000000100000000)
  eden space 1536K, 0% used [0x00000000d5580000,0x00000000d5580000,0x00000000d5700000)
  from space 1536K, 72% used [0x00000000d5900000,0x00000000d5a18000,0x00000000d5a80000)
  to   space 1536K, 0% used [0x00000000d5780000,0x00000000d5780000,0x00000000d5900000)
 ParOldGen       total 386048K, used 385922K [0x0000000080000000, 0x0000000097900000, 0x00000000d5580000)
  object space 386048K, 99% used [0x0000000080000000,0x00000000978e0a10,0x0000000097900000)
 Metaspace       used 51460K, committed 52736K, reserved 1114112K
  class space    used 5558K, committed 6080K, reserved 1048576K
}
Event: 25.370 GC heap before
{Heap before GC invocations=267 (full 2):
 PSYoungGen      total 3072K, used 2655K [0x00000000d5580000, 0x00000000d5a80000, 0x0000000100000000)
  eden space 1536K, 99% used [0x00000000d5580000,0x00000000d56fffa0,0x00000000d5700000)
  from space 1536K, 72% used [0x00000000d5900000,0x00000000d5a18000,0x00000000d5a80000)
  to   space 1536K, 0% used [0x00000000d5780000,0x00000000d5780000,0x00000000d5900000)
 ParOldGen       total 386048K, used 385922K [0x0000000080000000, 0x0000000097900000, 0x00000000d5580000)
  object space 386048K, 99% used [0x0000000080000000,0x00000000978e0a10,0x0000000097900000)
 Metaspace       used 51460K, committed 52736K, reserved 1114112K
  class space    used 5558K, committed 6080K, reserved 1048576K
}
Event: 25.373 GC heap after
{Heap after GC invocations=267 (full 2):
 PSYoungGen      total 3584K, used 1536K [0x00000000d5580000, 0x00000000d5d80000, 0x0000000100000000)
  eden space 2048K, 0% used [0x00000000d5580000,0x00000000d5580000,0x00000000d5780000)
  from space 1536K, 100% used [0x00000000d5780000,0x00000000d5900000,0x00000000d5900000)
  to   space 3072K, 0% used [0x00000000d5a80000,0x00000000d5a80000,0x00000000d5d80000)
 ParOldGen       total 387072K, used 386994K [0x0000000080000000, 0x0000000097a00000, 0x00000000d5580000)
  object space 387072K, 99% used [0x0000000080000000,0x00000000979eca10,0x0000000097a00000)
 Metaspace       used 51460K, committed 52736K, reserved 1114112K
  class space    used 5558K, committed 6080K, reserved 1048576K
}
Event: 25.381 GC heap before
{Heap before GC invocations=268 (full 2):
 PSYoungGen      total 3584K, used 3584K [0x00000000d5580000, 0x00000000d5d80000, 0x0000000100000000)
  eden space 2048K, 100% used [0x00000000d5580000,0x00000000d5780000,0x00000000d5780000)
  from space 1536K, 100% used [0x00000000d5780000,0x00000000d5900000,0x00000000d5900000)
  to   space 3072K, 0% used [0x00000000d5a80000,0x00000000d5a80000,0x00000000d5d80000)
 ParOldGen       total 387072K, used 386994K [0x0000000080000000, 0x0000000097a00000, 0x00000000d5580000)
  object space 387072K, 99% used [0x0000000080000000,0x00000000979eca10,0x0000000097a00000)
 Metaspace       used 51467K, committed 52736K, reserved 1114112K
  class space    used 5558K, committed 6080K, reserved 1048576K
}
Event: 25.384 GC heap after
{Heap after GC invocations=268 (full 2):
 PSYoungGen      total 5120K, used 2217K [0x00000000d5580000, 0x00000000d5d00000, 0x0000000100000000)
  eden space 2560K, 0% used [0x00000000d5580000,0x00000000d5580000,0x00000000d5800000)
  from space 2560K, 86% used [0x00000000d5a80000,0x00000000d5caa560,0x00000000d5d00000)
  to   space 2560K, 0% used [0x00000000d5800000,0x00000000d5800000,0x00000000d5a80000)
 ParOldGen       total 388608K, used 388514K [0x0000000080000000, 0x0000000097b80000, 0x00000000d5580000)
  object space 388608K, 99% used [0x0000000080000000,0x0000000097b68a10,0x0000000097b80000)
 Metaspace       used 51467K, committed 52736K, reserved 1114112K
  class space    used 5558K, committed 6080K, reserved 1048576K
}
Event: 25.394 GC heap before
{Heap before GC invocations=269 (full 2):
 PSYoungGen      total 5120K, used 4642K [0x00000000d5580000, 0x00000000d5d00000, 0x0000000100000000)
  eden space 2560K, 94% used [0x00000000d5580000,0x00000000d57de2c0,0x00000000d5800000)
  from space 2560K, 86% used [0x00000000d5a80000,0x00000000d5caa560,0x00000000d5d00000)
  to   space 2560K, 0% used [0x00000000d5800000,0x00000000d5800000,0x00000000d5a80000)
 ParOldGen       total 388608K, used 388514K [0x0000000080000000, 0x0000000097b80000, 0x00000000d5580000)
  object space 388608K, 99% used [0x0000000080000000,0x0000000097b68a10,0x0000000097b80000)
 Metaspace       used 51467K, committed 52736K, reserved 1114112K
  class space    used 5558K, committed 6080K, reserved 1048576K
}
Event: 25.397 GC heap after
{Heap after GC invocations=269 (full 2):
 PSYoungGen      total 5120K, used 2540K [0x00000000d5580000, 0x00000000d6180000, 0x0000000100000000)
  eden space 2560K, 0% used [0x00000000d5580000,0x00000000d5580000,0x00000000d5800000)
  from space 2560K, 99% used [0x00000000d5800000,0x00000000d5a7b180,0x00000000d5a80000)
  to   space 4608K, 0% used [0x00000000d5d00000,0x00000000d5d00000,0x00000000d6180000)
 ParOldGen       total 390656K, used 390195K [0x0000000080000000, 0x0000000097d80000, 0x00000000d5580000)
  object space 390656K, 99% used [0x0000000080000000,0x0000000097d0ce80,0x0000000097d80000)
 Metaspace       used 51467K, committed 52736K, reserved 1114112K
  class space    used 5558K, committed 6080K, reserved 1048576K
}
Event: 25.404 GC heap before
{Heap before GC invocations=270 (full 2):
 PSYoungGen      total 5120K, used 5100K [0x00000000d5580000, 0x00000000d6180000, 0x0000000100000000)
  eden space 2560K, 100% used [0x00000000d5580000,0x00000000d5800000,0x00000000d5800000)
  from space 2560K, 99% used [0x00000000d5800000,0x00000000d5a7b180,0x00000000d5a80000)
  to   space 4608K, 0% used [0x00000000d5d00000,0x00000000d5d00000,0x00000000d6180000)
 ParOldGen       total 390656K, used 390195K [0x0000000080000000, 0x0000000097d80000, 0x00000000d5580000)
  object space 390656K, 99% used [0x0000000080000000,0x0000000097d0ce80,0x0000000097d80000)
 Metaspace       used 51467K, committed 52736K, reserved 1114112K
  class space    used 5558K, committed 6080K, reserved 1048576K
}
Event: 25.408 GC heap after
{Heap after GC invocations=270 (full 2):
 PSYoungGen      total 6144K, used 2672K [0x00000000d5580000, 0x00000000d6000000, 0x0000000100000000)
  eden space 3072K, 0% used [0x00000000d5580000,0x00000000d5580000,0x00000000d5880000)
  from space 3072K, 86% used [0x00000000d5d00000,0x00000000d5f9c070,0x00000000d6000000)
  to   space 3584K, 0% used [0x00000000d5900000,0x00000000d5900000,0x00000000d5c80000)
 ParOldGen       total 391168K, used 391011K [0x0000000080000000, 0x0000000097e00000, 0x00000000d5580000)
  object space 391168K, 99% used [0x0000000080000000,0x0000000097dd8e80,0x0000000097e00000)
 Metaspace       used 51467K, committed 52736K, reserved 1114112K
  class space    used 5558K, committed 6080K, reserved 1048576K
}
Event: 25.428 GC heap before
{Heap before GC invocations=271 (full 2):
 PSYoungGen      total 6144K, used 5744K [0x00000000d5580000, 0x00000000d6000000, 0x0000000100000000)
  eden space 3072K, 100% used [0x00000000d5580000,0x00000000d5880000,0x00000000d5880000)
  from space 3072K, 86% used [0x00000000d5d00000,0x00000000d5f9c070,0x00000000d6000000)
  to   space 3584K, 0% used [0x00000000d5900000,0x00000000d5900000,0x00000000d5c80000)
 ParOldGen       total 391168K, used 391011K [0x0000000080000000, 0x0000000097e00000, 0x00000000d5580000)
  object space 391168K, 99% used [0x0000000080000000,0x0000000097dd8e80,0x0000000097e00000)
 Metaspace       used 51495K, committed 52800K, reserved 1114112K
  class space    used 5560K, committed 6080K, reserved 1048576K
}
Event: 25.431 GC heap after
{Heap after GC invocations=271 (full 2):
 PSYoungGen      total 5632K, used 1808K [0x00000000d5580000, 0x00000000d5e80000, 0x0000000100000000)
  eden space 3584K, 0% used [0x00000000d5580000,0x00000000d5580000,0x00000000d5900000)
  from space 2048K, 88% used [0x00000000d5900000,0x00000000d5ac4238,0x00000000d5b00000)
  to   space 2560K, 0% used [0x00000000d5c00000,0x00000000d5c00000,0x00000000d5e80000)
 ParOldGen       total 393728K, used 393317K [0x0000000080000000, 0x0000000098080000, 0x00000000d5580000)
  object space 393728K, 99% used [0x0000000080000000,0x0000000098019480,0x0000000098080000)
 Metaspace       used 51495K, committed 52800K, reserved 1114112K
  class space    used 5560K, committed 6080K, reserved 1048576K
}
Event: 25.602 GC heap before
{Heap before GC invocations=272 (full 2):
 PSYoungGen      total 5632K, used 5392K [0x00000000d5580000, 0x00000000d5e80000, 0x0000000100000000)
  eden space 3584K, 100% used [0x00000000d5580000,0x00000000d5900000,0x00000000d5900000)
  from space 2048K, 88% used [0x00000000d5900000,0x00000000d5ac4238,0x00000000d5b00000)
  to   space 2560K, 0% used [0x00000000d5c00000,0x00000000d5c00000,0x00000000d5e80000)
 ParOldGen       total 393728K, used 393317K [0x0000000080000000, 0x0000000098080000, 0x00000000d5580000)
  object space 393728K, 99% used [0x0000000080000000,0x0000000098019480,0x0000000098080000)
 Metaspace       used 51639K, committed 52864K, reserved 1114112K
  class space    used 5576K, committed 6080K, reserved 1048576K
}
Event: 25.605 GC heap after
{Heap after GC invocations=272 (full 2):
 PSYoungGen      total 5120K, used 1139K [0x00000000d5580000, 0x00000000d5d80000, 0x0000000100000000)
  eden space 3584K, 0% used [0x00000000d5580000,0x00000000d5580000,0x00000000d5900000)
  from space 1536K, 74% used [0x00000000d5c00000,0x00000000d5d1cf18,0x00000000d5d80000)
  to   space 1536K, 0% used [0x00000000d5a80000,0x00000000d5a80000,0x00000000d5c00000)
 ParOldGen       total 395264K, used 395010K [0x0000000080000000, 0x0000000098200000, 0x00000000d5580000)
  object space 395264K, 99% used [0x0000000080000000,0x00000000981c0948,0x0000000098200000)
 Metaspace       used 51639K, committed 52864K, reserved 1114112K
  class space    used 5576K, committed 6080K, reserved 1048576K
}
Event: 25.715 GC heap before
{Heap before GC invocations=273 (full 2):
 PSYoungGen      total 5120K, used 4723K [0x00000000d5580000, 0x00000000d5d80000, 0x0000000100000000)
  eden space 3584K, 100% used [0x00000000d5580000,0x00000000d5900000,0x00000000d5900000)
  from space 1536K, 74% used [0x00000000d5c00000,0x00000000d5d1cf18,0x00000000d5d80000)
  to   space 1536K, 0% used [0x00000000d5a80000,0x00000000d5a80000,0x00000000d5c00000)
 ParOldGen       total 395264K, used 395010K [0x0000000080000000, 0x0000000098200000, 0x00000000d5580000)
  object space 395264K, 99% used [0x0000000080000000,0x00000000981c0948,0x0000000098200000)
 Metaspace       used 51866K, committed 53248K, reserved 1114112K
  class space    used 5601K, committed 6208K, reserved 1048576K
}
Event: 25.718 GC heap after
{Heap after GC invocations=273 (full 2):
 PSYoungGen      total 5120K, used 1522K [0x00000000d5580000, 0x00000000d6000000, 0x0000000100000000)
  eden space 3584K, 0% used [0x00000000d5580000,0x00000000d5580000,0x00000000d5900000)
  from space 1536K, 99% used [0x00000000d5a80000,0x00000000d5bfc8e0,0x00000000d5c00000)
  to   space 3584K, 0% used [0x00000000d5c80000,0x00000000d5c80000,0x00000000d6000000)
 ParOldGen       total 396800K, used 396344K [0x0000000080000000, 0x0000000098380000, 0x00000000d5580000)
  object space 396800K, 99% used [0x0000000080000000,0x000000009830e3b8,0x0000000098380000)
 Metaspace       used 51866K, committed 53248K, reserved 1114112K
  class space    used 5601K, committed 6208K, reserved 1048576K
}
Event: 25.854 GC heap before
{Heap before GC invocations=274 (full 2):
 PSYoungGen      total 5120K, used 5106K [0x00000000d5580000, 0x00000000d6000000, 0x0000000100000000)
  eden space 3584K, 100% used [0x00000000d5580000,0x00000000d5900000,0x00000000d5900000)
  from space 1536K, 99% used [0x00000000d5a80000,0x00000000d5bfc8e0,0x00000000d5c00000)
  to   space 3584K, 0% used [0x00000000d5c80000,0x00000000d5c80000,0x00000000d6000000)
 ParOldGen       total 396800K, used 396344K [0x0000000080000000, 0x0000000098380000, 0x00000000d5580000)
  object space 396800K, 99% used [0x0000000080000000,0x000000009830e3b8,0x0000000098380000)
 Metaspace       used 52080K, committed 53440K, reserved 1114112K
  class space    used 5618K, committed 6208K, reserved 1048576K
}
Event: 25.856 GC heap after
{Heap after GC invocations=274 (full 2):
 PSYoungGen      total 4096K, used 320K [0x00000000d5580000, 0x00000000d5d00000, 0x0000000100000000)
  eden space 3584K, 0% used [0x00000000d5580000,0x00000000d5580000,0x00000000d5900000)
  from space 512K, 62% used [0x00000000d5c80000,0x00000000d5cd0020,0x00000000d5d00000)
  to   space 1536K, 0% used [0x00000000d5a00000,0x00000000d5a00000,0x00000000d5b80000)
 ParOldGen       total 396800K, used 396481K [0x0000000080000000, 0x0000000098380000, 0x00000000d5580000)
  object space 396800K, 99% used [0x0000000080000000,0x00000000983304e8,0x0000000098380000)
 Metaspace       used 52080K, committed 53440K, reserved 1114112K
  class space    used 5618K, committed 6208K, reserved 1048576K
}
Event: 32.439 GC heap before
{Heap before GC invocations=275 (full 2):
 PSYoungGen      total 4096K, used 3904K [0x00000000d5580000, 0x00000000d5d00000, 0x0000000100000000)
  eden space 3584K, 100% used [0x00000000d5580000,0x00000000d5900000,0x00000000d5900000)
  from space 512K, 62% used [0x00000000d5c80000,0x00000000d5cd0020,0x00000000d5d00000)
  to   space 1536K, 0% used [0x00000000d5a00000,0x00000000d5a00000,0x00000000d5b80000)
 ParOldGen       total 396800K, used 396481K [0x0000000080000000, 0x0000000098380000, 0x00000000d5580000)
  object space 396800K, 99% used [0x0000000080000000,0x00000000983304e8,0x0000000098380000)
 Metaspace       used 52392K, committed 53696K, reserved 1114112K
  class space    used 5646K, committed 6208K, reserved 1048576K
}
Event: 32.443 GC heap after
{Heap after GC invocations=275 (full 2):
 PSYoungGen      total 5120K, used 672K [0x00000000d5580000, 0x00000000d5d00000, 0x0000000100000000)
  eden space 3584K, 0% used [0x00000000d5580000,0x00000000d5580000,0x00000000d5900000)
  from space 1536K, 43% used [0x00000000d5a00000,0x00000000d5aa8060,0x00000000d5b80000)
  to   space 1024K, 0% used [0x00000000d5c00000,0x00000000d5c00000,0x00000000d5d00000)
 ParOldGen       total 396800K, used 396633K [0x0000000080000000, 0x0000000098380000, 0x00000000d5580000)
  object space 396800K, 99% used [0x0000000080000000,0x0000000098356508,0x0000000098380000)
 Metaspace       used 52392K, committed 53696K, reserved 1114112K
  class space    used 5646K, committed 6208K, reserved 1048576K
}

Dll operation events (10 events):
Event: 0.022 Loaded shared library c:\Users\marti\.vscode\extensions\redhat.java-1.54.0-win32-x64\jre\21.0.10-win32-x86_64\bin\java.dll
Event: 0.129 Loaded shared library c:\Users\marti\.vscode\extensions\redhat.java-1.54.0-win32-x64\jre\21.0.10-win32-x86_64\bin\zip.dll
Event: 0.171 Loaded shared library C:\Users\marti\.vscode\extensions\redhat.java-1.54.0-win32-x64\jre\21.0.10-win32-x86_64\bin\instrument.dll
Event: 0.184 Loaded shared library C:\Users\marti\.vscode\extensions\redhat.java-1.54.0-win32-x64\jre\21.0.10-win32-x86_64\bin\net.dll
Event: 0.190 Loaded shared library C:\Users\marti\.vscode\extensions\redhat.java-1.54.0-win32-x64\jre\21.0.10-win32-x86_64\bin\nio.dll
Event: 0.196 Loaded shared library C:\Users\marti\.vscode\extensions\redhat.java-1.54.0-win32-x64\jre\21.0.10-win32-x86_64\bin\zip.dll
Event: 0.226 Loaded shared library C:\Users\marti\.vscode\extensions\redhat.java-1.54.0-win32-x64\jre\21.0.10-win32-x86_64\bin\jimage.dll
Event: 0.359 Loaded shared library c:\Users\marti\.vscode\extensions\redhat.java-1.54.0-win32-x64\jre\21.0.10-win32-x86_64\bin\verify.dll
Event: 2.819 Loaded shared library C:\Users\marti\AppData\Roaming\Code\User\globalStorage\redhat.java\1.54.0\config_win\org.eclipse.equinox.launcher\org.eclipse.equinox.launcher.win32.win32.x86_64_1.3.0.v20260203-2149\eclipse_11919.dll
Event: 8.599 Loaded shared library C:\Users\marti\AppData\Local\Temp\jna-103666771\jna10509529485939736764.dll

Deoptimization events (20 events):
Event: 32.429 Thread 0x000002575eb94f90 Uncommon trap: trap_request=0xffffffde fr.pc=0x000002570b6e723c relative=0x000000000000017c
Event: 32.429 Thread 0x000002575eb94f90 Uncommon trap: reason=class_check action=maybe_recompile pc=0x000002570b6e723c method=java.util.ArrayList.hashCodeRange(II)I @ 53 c2
Event: 32.429 Thread 0x000002575eb94f90 DEOPT PACKING pc=0x000002570b6e723c sp=0x0000009105ffe950
Event: 32.429 Thread 0x000002575eb94f90 DEOPT UNPACKING pc=0x000002570b103aa2 sp=0x0000009105ffe8c0 mode 2
Event: 32.429 Thread 0x000002575eb94f90 Uncommon trap: trap_request=0xffffffde fr.pc=0x000002570b6e723c relative=0x000000000000017c
Event: 32.429 Thread 0x000002575eb94f90 Uncommon trap: reason=class_check action=maybe_recompile pc=0x000002570b6e723c method=java.util.ArrayList.hashCodeRange(II)I @ 53 c2
Event: 32.429 Thread 0x000002575eb94f90 DEOPT PACKING pc=0x000002570b6e723c sp=0x0000009105ffe950
Event: 32.429 Thread 0x000002575eb94f90 DEOPT UNPACKING pc=0x000002570b103aa2 sp=0x0000009105ffe8c0 mode 2
Event: 32.469 Thread 0x000002575eb94f90 Uncommon trap: trap_request=0xffffff45 fr.pc=0x000002570b6eab34 relative=0x00000000000001d4
Event: 32.469 Thread 0x000002575eb94f90 Uncommon trap: reason=unstable_if action=reinterpret pc=0x000002570b6eab34 method=java.util.HashMap.getNode(Ljava/lang/Object;)Ljava/util/HashMap$Node; @ 131 c2
Event: 32.469 Thread 0x000002575eb94f90 DEOPT PACKING pc=0x000002570b6eab34 sp=0x0000009105ffecb0
Event: 32.470 Thread 0x000002575eb94f90 DEOPT UNPACKING pc=0x000002570b103aa2 sp=0x0000009105ffebc0 mode 2
Event: 32.470 Thread 0x000002575eb94f90 Uncommon trap: trap_request=0xffffff45 fr.pc=0x000002570b6f5994 relative=0x0000000000000234
Event: 32.470 Thread 0x000002575eb94f90 Uncommon trap: reason=unstable_if action=reinterpret pc=0x000002570b6f5994 method=java.util.HashMap.getNode(Ljava/lang/Object;)Ljava/util/HashMap$Node; @ 131 c2
Event: 32.470 Thread 0x000002575eb94f90 DEOPT PACKING pc=0x000002570b6f5994 sp=0x0000009105ffebd0
Event: 32.470 Thread 0x000002575eb94f90 DEOPT UNPACKING pc=0x000002570b103aa2 sp=0x0000009105ffeb50 mode 2
Event: 32.470 Thread 0x000002575eb94f90 Uncommon trap: trap_request=0xffffffde fr.pc=0x000002570b84c5f8 relative=0x0000000000000738
Event: 32.470 Thread 0x000002575eb94f90 Uncommon trap: reason=class_check action=maybe_recompile pc=0x000002570b84c5f8 method=java.util.HashMap.putVal(ILjava/lang/Object;Ljava/lang/Object;ZZ)Ljava/lang/Object; @ 203 c2
Event: 32.470 Thread 0x000002575eb94f90 DEOPT PACKING pc=0x000002570b84c5f8 sp=0x0000009105ffec30
Event: 32.470 Thread 0x000002575eb94f90 DEOPT UNPACKING pc=0x000002570b103aa2 sp=0x0000009105ffeb20 mode 2

Classes loaded (20 events):
Event: 32.537 Loading class sun/util/locale/provider/TimeZoneNameProviderImpl done
Event: 32.537 Loading class sun/util/cldr/CLDRTimeZoneNameProviderImpl done
Event: 32.540 Loading class sun/util/locale/provider/BaseLocaleDataMetaInfo
Event: 32.540 Loading class sun/util/locale/provider/BaseLocaleDataMetaInfo done
Event: 32.546 Loading class sun/util/resources/cldr/TimeZoneNames
Event: 32.547 Loading class sun/util/resources/TimeZoneNamesBundle
Event: 32.548 Loading class sun/util/resources/OpenListResourceBundle
Event: 32.549 Loading class sun/util/resources/OpenListResourceBundle done
Event: 32.549 Loading class sun/util/resources/TimeZoneNamesBundle done
Event: 32.549 Loading class sun/util/resources/cldr/TimeZoneNames done
Event: 32.549 Loading class sun/util/resources/cldr/TimeZoneNames_en
Event: 32.554 Loading class sun/util/resources/cldr/TimeZoneNames_en done
Event: 32.554 Loading class sun/util/resources/cldr/TimeZoneNames_en_US
Event: 32.554 Loading class sun/util/resources/cldr/TimeZoneNames_en_US done
Event: 32.559 Loading class sun/util/cldr/CLDRBaseLocaleDataMetaInfo$TZCanonicalIDMapHolder
Event: 32.564 Loading class sun/util/cldr/CLDRBaseLocaleDataMetaInfo$TZCanonicalIDMapHolder done
Event: 32.568 Loading class sun/util/resources/TimeZoneNames
Event: 32.570 Loading class sun/util/resources/TimeZoneNames done
Event: 32.570 Loading class sun/util/resources/TimeZoneNames_en
Event: 32.570 Loading class sun/util/resources/TimeZoneNames_en done

Classes unloaded (10 events):
Event: 9.468 Thread 0x0000025700a1e980 Unloading class 0x00000257191a9800 'java/lang/invoke/LambdaForm$MH+0x00000257191a9800'
Event: 9.468 Thread 0x0000025700a1e980 Unloading class 0x00000257191a9400 'java/lang/invoke/LambdaForm$MH+0x00000257191a9400'
Event: 9.468 Thread 0x0000025700a1e980 Unloading class 0x00000257191a9000 'java/lang/invoke/LambdaForm$MH+0x00000257191a9000'
Event: 9.468 Thread 0x0000025700a1e980 Unloading class 0x00000257191a8c00 'java/lang/invoke/LambdaForm$MH+0x00000257191a8c00'
Event: 9.468 Thread 0x0000025700a1e980 Unloading class 0x00000257191a8800 'java/lang/invoke/LambdaForm$BMH+0x00000257191a8800'
Event: 9.468 Thread 0x0000025700a1e980 Unloading class 0x00000257191a8400 'java/lang/invoke/LambdaForm$DMH+0x00000257191a8400'
Event: 9.468 Thread 0x0000025700a1e980 Unloading class 0x00000257191a3000 'java/lang/invoke/LambdaForm$DMH+0x00000257191a3000'
Event: 11.244 Thread 0x0000025700a1e980 Unloading class 0x000002571933a000 'java/lang/invoke/LambdaForm$MH+0x000002571933a000'
Event: 11.244 Thread 0x0000025700a1e980 Unloading class 0x0000025719339c00 'java/lang/invoke/LambdaForm$MH+0x0000025719339c00'
Event: 11.244 Thread 0x0000025700a1e980 Unloading class 0x0000025719338c00 'java/lang/invoke/LambdaForm$MH+0x0000025719338c00'

Classes redefined (0 events):
No events

Internal exceptions (20 events):
Event: 19.032 Thread 0x00000257612100d0 Implicit null exception at 0x000002570ba55c60 to 0x000002570ba5a398
Event: 25.286 Thread 0x00000257612100d0 Exception <a 'sun/nio/fs/WindowsException'{0x00000000d55c00c0}> (0x00000000d55c00c0) 
thrown [s\src\hotspot\share\prims\jni.cpp, line 520]
Event: 25.860 Thread 0x0000025761213be0 Exception <a 'sun/nio/fs/WindowsException'{0x00000000d55830f0}> (0x00000000d55830f0) 
thrown [s\src\hotspot\share\prims\jni.cpp, line 520]
Event: 25.863 Thread 0x0000025761213be0 Exception <a 'sun/nio/fs/WindowsException'{0x00000000d5583818}> (0x00000000d5583818) 
thrown [s\src\hotspot\share\prims\jni.cpp, line 520]
Event: 25.868 Thread 0x0000025761213be0 Exception <a 'sun/nio/fs/WindowsException'{0x00000000d5584748}> (0x00000000d5584748) 
thrown [s\src\hotspot\share\prims\jni.cpp, line 520]
Event: 25.869 Thread 0x0000025761213be0 Exception <a 'sun/nio/fs/WindowsException'{0x00000000d5584e70}> (0x00000000d5584e70) 
thrown [s\src\hotspot\share\prims\jni.cpp, line 520]
Event: 25.885 Thread 0x0000025761213be0 Exception <a 'java/io/FileNotFoundException'{0x00000000d55be698}> (0x00000000d55be698) 
thrown [s\src\hotspot\share\prims\jni.cpp, line 520]
Event: 25.887 Thread 0x0000025761213be0 Exception <a 'java/io/FileNotFoundException'{0x00000000d55bf450}> (0x00000000d55bf450) 
thrown [s\src\hotspot\share\prims\jni.cpp, line 520]
Event: 25.922 Thread 0x0000025761213be0 Exception <a 'sun/nio/fs/WindowsException'{0x00000000d5635608}> (0x00000000d5635608) 
thrown [s\src\hotspot\share\prims\jni.cpp, line 520]
Event: 25.922 Thread 0x0000025761213be0 Exception <a 'sun/nio/fs/WindowsException'{0x00000000d5635fa0}> (0x00000000d5635fa0) 
thrown [s\src\hotspot\share\prims\jni.cpp, line 520]
Event: 25.923 Thread 0x0000025761213be0 Exception <a 'sun/nio/fs/WindowsException'{0x00000000d5636ea8}> (0x00000000d5636ea8) 
thrown [s\src\hotspot\share\prims\jni.cpp, line 520]
Event: 25.923 Thread 0x0000025761213be0 Exception <a 'sun/nio/fs/WindowsException'{0x00000000d56375d0}> (0x00000000d56375d0) 
thrown [s\src\hotspot\share\prims\jni.cpp, line 520]
Event: 25.931 Thread 0x0000025761098d90 Exception <a 'sun/nio/fs/WindowsException'{0x00000000d5617d18}> (0x00000000d5617d18) 
thrown [s\src\hotspot\share\prims\jni.cpp, line 520]
Event: 25.931 Thread 0x0000025761098d90 Exception <a 'sun/nio/fs/WindowsException'{0x00000000d5618710}> (0x00000000d5618710) 
thrown [s\src\hotspot\share\prims\jni.cpp, line 520]
Event: 25.932 Thread 0x0000025761098d90 Exception <a 'sun/nio/fs/WindowsException'{0x00000000d56198f0}> (0x00000000d56198f0) 
thrown [s\src\hotspot\share\prims\jni.cpp, line 520]
Event: 25.932 Thread 0x0000025761098d90 Exception <a 'sun/nio/fs/WindowsException'{0x00000000d5692a28}> (0x00000000d5692a28) 
thrown [s\src\hotspot\share\prims\jni.cpp, line 520]
Event: 25.933 Thread 0x0000025761098d90 Exception <a 'sun/nio/fs/WindowsException'{0x00000000d5694310}> (0x00000000d5694310) 
thrown [s\src\hotspot\share\prims\jni.cpp, line 520]
Event: 25.934 Thread 0x0000025761098d90 Exception <a 'sun/nio/fs/WindowsException'{0x00000000d5694ce8}> (0x00000000d5694ce8) 
thrown [s\src\hotspot\share\prims\jni.cpp, line 520]
Event: 25.934 Thread 0x0000025761098d90 Exception <a 'sun/nio/fs/WindowsException'{0x00000000d5695ea0}> (0x00000000d5695ea0) 
thrown [s\src\hotspot\share\prims\jni.cpp, line 520]
Event: 25.934 Thread 0x0000025761098d90 Exception <a 'sun/nio/fs/WindowsException'{0x00000000d56965c8}> (0x00000000d56965c8) 
thrown [s\src\hotspot\share\prims\jni.cpp, line 520]

ZGC Phase Switch (0 events):
No events

VM Operations (20 events):
Event: 25.950 Executing non-safepoint VM operation: HandshakeAllThreads (Deoptimize)
Event: 25.952 Executing non-safepoint VM operation: HandshakeAllThreads (Deoptimize) done
Event: 26.957 Executing safepoint VM operation: Cleanup
Event: 26.957 Executing safepoint VM operation: Cleanup done
Event: 32.439 Executing safepoint VM operation: ParallelGCFailedAllocation (Allocation Failure)
Event: 32.443 Executing safepoint VM operation: ParallelGCFailedAllocation (Allocation Failure) done
Event: 33.446 Executing safepoint VM operation: Cleanup
Event: 33.446 Executing safepoint VM operation: Cleanup done
Event: 60.036 Executing non-safepoint VM operation: HandshakeAllThreads (HandshakeForDeflation)
Event: 60.037 Executing non-safepoint VM operation: HandshakeAllThreads (HandshakeForDeflation) done
Event: 60.037 Executing non-safepoint VM operation: RendezvousGCThreads
Event: 60.037 Executing non-safepoint VM operation: RendezvousGCThreads done
Event: 180.275 Executing non-safepoint VM operation: HandshakeAllThreads (HandshakeForDeflation)
Event: 180.281 Executing non-safepoint VM operation: HandshakeAllThreads (HandshakeForDeflation) done
Event: 180.281 Executing non-safepoint VM operation: RendezvousGCThreads
Event: 180.281 Executing non-safepoint VM operation: RendezvousGCThreads done
Event: 240.481 Executing non-safepoint VM operation: HandshakeAllThreads (HandshakeForDeflation)
Event: 240.481 Executing non-safepoint VM operation: HandshakeAllThreads (HandshakeForDeflation) done
Event: 240.481 Executing non-safepoint VM operation: RendezvousGCThreads
Event: 240.481 Executing non-safepoint VM operation: RendezvousGCThreads done

Memory protections (0 events):
No events

Nmethod flushes (20 events):
Event: 11.259 Thread 0x0000025700a1e980 flushing  nmethod 0x000002570426d090
Event: 11.259 Thread 0x0000025700a1e980 flushing  nmethod 0x000002570427fc90
Event: 11.259 Thread 0x0000025700a1e980 flushing  nmethod 0x00000257042ab490
Event: 11.259 Thread 0x0000025700a1e980 flushing  nmethod 0x00000257042ab890
Event: 11.259 Thread 0x0000025700a1e980 flushing  nmethod 0x00000257042ac190
Event: 11.259 Thread 0x0000025700a1e980 flushing  nmethod 0x00000257042ad390
Event: 11.259 Thread 0x0000025700a1e980 flushing  nmethod 0x00000257042adb90
Event: 11.259 Thread 0x0000025700a1e980 flushing  nmethod 0x00000257042ae310
Event: 11.259 Thread 0x0000025700a1e980 flushing  nmethod 0x00000257042b0410
Event: 11.259 Thread 0x0000025700a1e980 flushing  nmethod 0x00000257042b0910
Event: 11.259 Thread 0x0000025700a1e980 flushing  nmethod 0x00000257042b2510
Event: 11.259 Thread 0x0000025700a1e980 flushing  nmethod 0x00000257042b2990
Event: 11.259 Thread 0x0000025700a1e980 flushing  nmethod 0x00000257042b4010
Event: 11.259 Thread 0x0000025700a1e980 flushing  nmethod 0x00000257042b5a10
Event: 11.259 Thread 0x0000025700a1e980 flushing  nmethod 0x00000257042d4310
Event: 11.259 Thread 0x0000025700a1e980 flushing  nmethod 0x00000257042dfb10
Event: 11.259 Thread 0x0000025700a1e980 flushing  nmethod 0x00000257042ee010
Event: 11.259 Thread 0x0000025700a1e980 flushing  nmethod 0x00000257042f1c90
Event: 11.259 Thread 0x0000025700a1e980 flushing  nmethod 0x00000257042f3990
Event: 11.259 Thread 0x0000025700a1e980 flushing  nmethod 0x00000257042fcc10

Events (20 events):
Event: 11.111 Thread 0x000002577e3b8d30 Thread added: 0x0000025761216340
Event: 11.172 Thread 0x000002577e3b8d30 Thread added: 0x00000257612176f0
Event: 11.921 Thread 0x000002577e3b8d30 Thread added: 0x0000025761214900
Event: 11.924 Thread 0x000002577e3b8d30 Thread added: 0x00000257612169d0
Event: 14.740 Thread 0x0000025761211480 Thread added: 0x0000025761096cc0
Event: 15.094 Thread 0x0000025761096cc0 Thread exited: 0x0000025761096cc0
Event: 20.334 Thread 0x000002575e2a3e30 Thread exited: 0x000002575e2a3e30
Event: 25.507 Thread 0x00000257612169d0 Thread added: 0x0000025761096630
Event: 25.516 Thread 0x00000257612169d0 Thread added: 0x0000025761098d90
Event: 25.517 Thread 0x00000257612169d0 Thread added: 0x0000025761099420
Event: 25.695 Thread 0x0000025761098d90 Thread added: 0x0000025761096cc0
Event: 85.665 Thread 0x0000025761211480 Thread exited: 0x0000025761211480
Event: 85.821 Thread 0x0000025761213550 Thread exited: 0x0000025761213550
Event: 85.977 Thread 0x000002575e090f80 Thread exited: 0x000002575e090f80
Event: 85.984 Thread 0x000002575e0908f0 Thread exited: 0x000002575e0908f0
Event: 85.994 Thread 0x0000025761096630 Thread exited: 0x0000025761096630
Event: 86.015 Thread 0x0000025761213be0 Thread exited: 0x0000025761213be0
Event: 146.140 Thread 0x0000025761098d90 Thread exited: 0x0000025761098d90
Event: 206.119 Thread 0x0000025761099420 Thread exited: 0x0000025761099420
Event: 266.122 Thread 0x0000025761096cc0 Thread exited: 0x0000025761096cc0


Dynamic libraries:
0x00007ff65df10000 - 0x00007ff65df1e000 	c:\Users\marti\.vscode\extensions\redhat.java-1.54.0-win32-x64\jre\21.0.10-win32-x86_64\bin\java.exe
0x00007ff875ec0000 - 0x00007ff876127000 	C:\WINDOWS\SYSTEM32\ntdll.dll
0x00007ff875850000 - 0x00007ff875919000 	C:\WINDOWS\System32\KERNEL32.DLL
0x00007ff8736d0000 - 0x00007ff873ac4000 	C:\WINDOWS\System32\KERNELBASE.dll
0x00007ff8730e0000 - 0x00007ff87322b000 	C:\WINDOWS\System32\ucrtbase.dll
0x00007ff852090000 - 0x00007ff8520ae000 	c:\Users\marti\.vscode\extensions\redhat.java-1.54.0-win32-x64\jre\21.0.10-win32-x86_64\bin\VCRUNTIME140.dll
0x00007ff850130000 - 0x00007ff850148000 	c:\Users\marti\.vscode\extensions\redhat.java-1.54.0-win32-x64\jre\21.0.10-win32-x86_64\bin\jli.dll
0x00007ff874580000 - 0x00007ff874745000 	C:\WINDOWS\System32\USER32.dll
0x00007ff8730b0000 - 0x00007ff8730d7000 	C:\WINDOWS\System32\win32u.dll
0x00007ff85e510000 - 0x00007ff85e7a3000 	C:\WINDOWS\WinSxS\amd64_microsoft.windows.common-controls_6595b64144ccf1df_6.0.26100.8115_none_3e075c82e3354f9c\COMCTL32.dll
0x00007ff874ff0000 - 0x00007ff87501b000 	C:\WINDOWS\System32\GDI32.dll
0x00007ff875d80000 - 0x00007ff875e29000 	C:\WINDOWS\System32\msvcrt.dll
0x00007ff8735a0000 - 0x00007ff8736cb000 	C:\WINDOWS\System32\gdi32full.dll
0x00007ff8734f0000 - 0x00007ff873593000 	C:\WINDOWS\System32\msvcp_win.dll
0x00007ff8744d0000 - 0x00007ff874502000 	C:\WINDOWS\System32\IMM32.DLL
0x00007ff86da30000 - 0x00007ff86da3c000 	c:\Users\marti\.vscode\extensions\redhat.java-1.54.0-win32-x64\jre\21.0.10-win32-x86_64\bin\vcruntime140_1.dll
0x00007ff81acb0000 - 0x00007ff81ad3d000 	c:\Users\marti\.vscode\extensions\redhat.java-1.54.0-win32-x64\jre\21.0.10-win32-x86_64\bin\msvcp140.dll
0x00007fffb2a70000 - 0x00007fffb3811000 	c:\Users\marti\.vscode\extensions\redhat.java-1.54.0-win32-x64\jre\21.0.10-win32-x86_64\bin\server\jvm.dll
0x00007ff8743e0000 - 0x00007ff874496000 	C:\WINDOWS\System32\ADVAPI32.dll
0x00007ff874850000 - 0x00007ff8748f7000 	C:\WINDOWS\System32\sechost.dll
0x00007ff875280000 - 0x00007ff875398000 	C:\WINDOWS\System32\RPCRT4.dll
0x00007ff874e00000 - 0x00007ff874e80000 	C:\WINDOWS\System32\WS2_32.dll
0x00007ff8725f0000 - 0x00007ff87264e000 	C:\WINDOWS\SYSTEM32\POWRPROF.dll
0x00007ff868480000 - 0x00007ff86848b000 	C:\WINDOWS\SYSTEM32\VERSION.dll
0x00007ff869740000 - 0x00007ff869776000 	C:\WINDOWS\SYSTEM32\WINMM.dll
0x00007ff8725d0000 - 0x00007ff8725e4000 	C:\WINDOWS\SYSTEM32\UMPDC.dll
0x00007ff871520000 - 0x00007ff87153b000 	C:\WINDOWS\SYSTEM32\kernel.appcore.dll
0x00007ff8656e0000 - 0x00007ff8656ea000 	c:\Users\marti\.vscode\extensions\redhat.java-1.54.0-win32-x64\jre\21.0.10-win32-x86_64\bin\jimage.dll
0x00007ff8707b0000 - 0x00007ff8709f2000 	C:\WINDOWS\SYSTEM32\DBGHELP.DLL
0x00007ff874a70000 - 0x00007ff874df2000 	C:\WINDOWS\System32\combase.dll
0x00007ff874f10000 - 0x00007ff874fe8000 	C:\WINDOWS\System32\OLEAUT32.dll
0x00007ff8531f0000 - 0x00007ff85322b000 	C:\WINDOWS\SYSTEM32\dbgcore.DLL
0x00007ff872790000 - 0x00007ff872835000 	C:\WINDOWS\System32\bcryptPrimitives.dll
0x00007ff866620000 - 0x00007ff86662f000 	c:\Users\marti\.vscode\extensions\redhat.java-1.54.0-win32-x64\jre\21.0.10-win32-x86_64\bin\instrument.dll
0x00007ff84c9a0000 - 0x00007ff84c9c0000 	c:\Users\marti\.vscode\extensions\redhat.java-1.54.0-win32-x64\jre\21.0.10-win32-x86_64\bin\java.dll
0x00007ff873c50000 - 0x00007ff8743b7000 	C:\WINDOWS\System32\SHELL32.dll
0x00007ff873380000 - 0x00007ff8734ea000 	C:\WINDOWS\System32\wintypes.dll
0x00007ff872840000 - 0x00007ff8730a8000 	C:\WINDOWS\System32\windows.storage.dll
0x00007ff874750000 - 0x00007ff874848000 	C:\WINDOWS\System32\SHCORE.dll
0x00007ff874510000 - 0x00007ff874576000 	C:\WINDOWS\System32\shlwapi.dll
0x00007ff8726b0000 - 0x00007ff8726d9000 	C:\WINDOWS\SYSTEM32\profapi.dll
0x00007ff84c980000 - 0x00007ff84c998000 	c:\Users\marti\.vscode\extensions\redhat.java-1.54.0-win32-x64\jre\21.0.10-win32-x86_64\bin\zip.dll
0x00007ff862370000 - 0x00007ff862380000 	C:\Users\marti\.vscode\extensions\redhat.java-1.54.0-win32-x64\jre\21.0.10-win32-x86_64\bin\net.dll
0x00007ff8687d0000 - 0x00007ff8688fd000 	C:\WINDOWS\SYSTEM32\WINHTTP.dll
0x00007ff871a90000 - 0x00007ff871afc000 	C:\WINDOWS\system32\mswsock.dll
0x00007ff856f10000 - 0x00007ff856f26000 	C:\Users\marti\.vscode\extensions\redhat.java-1.54.0-win32-x64\jre\21.0.10-win32-x86_64\bin\nio.dll
0x00007ff855980000 - 0x00007ff855990000 	c:\Users\marti\.vscode\extensions\redhat.java-1.54.0-win32-x64\jre\21.0.10-win32-x86_64\bin\verify.dll
0x00007ff84bea0000 - 0x00007ff84bee5000 	C:\Users\marti\AppData\Roaming\Code\User\globalStorage\redhat.java\1.54.0\config_win\org.eclipse.equinox.launcher\org.eclipse.equinox.launcher.win32.win32.x86_64_1.3.0.v20260203-2149\eclipse_11919.dll
0x00007ff875920000 - 0x00007ff875ab7000 	C:\WINDOWS\System32\ole32.dll
0x00007ff871d70000 - 0x00007ff871d8b000 	C:\WINDOWS\SYSTEM32\CRYPTSP.dll
0x00007ff871480000 - 0x00007ff8714b9000 	C:\WINDOWS\system32\rsaenh.dll
0x00007ff871b40000 - 0x00007ff871b73000 	C:\WINDOWS\SYSTEM32\USERENV.dll
0x00007ff872680000 - 0x00007ff8726aa000 	C:\WINDOWS\SYSTEM32\bcrypt.dll
0x00007ff871d90000 - 0x00007ff871d9c000 	C:\WINDOWS\SYSTEM32\CRYPTBASE.dll
0x00007ff870f50000 - 0x00007ff870f82000 	C:\WINDOWS\SYSTEM32\IPHLPAPI.DLL
0x00007ff874a60000 - 0x00007ff874a6a000 	C:\WINDOWS\System32\NSI.dll
0x00007ff846dd0000 - 0x00007ff846e19000 	C:\Users\marti\AppData\Local\Temp\jna-103666771\jna10509529485939736764.dll
0x00007ff8743d0000 - 0x00007ff8743d8000 	C:\WINDOWS\System32\PSAPI.DLL
0x00007ff86cbd0000 - 0x00007ff86cbed000 	C:\WINDOWS\SYSTEM32\dhcpcsvc6.DLL
0x00007ff86cba0000 - 0x00007ff86cbc5000 	C:\WINDOWS\SYSTEM32\dhcpcsvc.DLL

JVMTI agents:
c:\Users\marti\.vscode\extensions\redhat.java-1.54.0-win32-x64\lombok\lombok-1.18.39-4050.jar path:c:\Users\marti\.vscode\extensions\redhat.java-1.54.0-win32-x64\jre\21.0.10-win32-x86_64\bin\instrument.dll, loaded, initialized, instrumentlib options:none

dbghelp: loaded successfully - version: 4.0.5 - missing functions: none
symbol engine: initialized successfully - sym options: 0x614 - pdb path: .;c:\Users\marti\.vscode\extensions\redhat.java-1.54.0-win32-x64\jre\21.0.10-win32-x86_64\bin;C:\WINDOWS\SYSTEM32;C:\WINDOWS\WinSxS\amd64_microsoft.windows.common-controls_6595b64144ccf1df_6.0.26100.8115_none_3e075c82e3354f9c;c:\Users\marti\.vscode\extensions\redhat.java-1.54.0-win32-x64\jre\21.0.10-win32-x86_64\bin\server;C:\Users\marti\AppData\Roaming\Code\User\globalStorage\redhat.java\1.54.0\config_win\org.eclipse.equinox.launcher\org.eclipse.equinox.launcher.win32.win32.x86_64_1.3.0.v20260203-2149;C:\Users\marti\AppData\Local\Temp\jna-103666771

VM Arguments:
jvm_args: --add-modules=ALL-SYSTEM --add-opens=java.base/java.util=ALL-UNNAMED --add-opens=java.base/java.lang=ALL-UNNAMED --add-opens=java.base/sun.nio.fs=ALL-UNNAMED -Declipse.application=org.eclipse.jdt.ls.core.id1 -Dosgi.bundles.defaultStartLevel=4 -Declipse.product=org.eclipse.jdt.ls.core.product -Djava.import.generatesMetadataFilesAtProjectRoot=false -DDetectVMInstallationsJob.disabled=true -Dfile.encoding=utf8 -XX:+UseParallelGC -XX:GCTimeRatio=4 -XX:AdaptiveSizePolicyWeight=90 -Dsun.zip.disableMemoryMapping=true -Xmx2G -Xms100m -Xlog:disable -javaagent:c:\Users\marti\.vscode\extensions\redhat.java-1.54.0-win32-x64\lombok\lombok-1.18.39-4050.jar -XX:+HeapDumpOnOutOfMemoryError -XX:HeapDumpPath=c:\Users\marti\AppData\Roaming\Code\User\workspaceStorage\2b74d1d98770de0873ffd1bdd85b52c3\redhat.java -Daether.dependencyCollector.impl=bf 
java_command: c:\Users\marti\.vscode\extensions\redhat.java-1.54.0-win32-x64\server\plugins\org.eclipse.equinox.launcher_1.7.100.v20251111-0406.jar -configuration c:\Users\marti\AppData\Roaming\Code\User\globalStorage\redhat.java\1.54.0\config_win -data c:\Users\marti\AppData\Roaming\Code\User\workspaceStorage\2b74d1d98770de0873ffd1bdd85b52c3\redhat.java\jdt_ws --pipe=\\.\pipe\lsp-a3f67a86c3d8839fd9058f2741805e04-sock
java_class_path (initial): c:\Users\marti\.vscode\extensions\redhat.java-1.54.0-win32-x64\server\plugins\org.eclipse.equinox.launcher_1.7.100.v20251111-0406.jar
Launcher Type: SUN_STANDARD

[Global flags]
    uintx AdaptiveSizePolicyWeight                 = 90                                        {product} {command line}
     intx CICompilerCount                          = 4                                         {product} {ergonomic}
    uintx GCTimeRatio                              = 4                                         {product} {command line}
     bool HeapDumpOnOutOfMemoryError               = true                                   {manageable} {command line}
    ccstr HeapDumpPath                             = c:\Users\marti\AppData\Roaming\Code\User\workspaceStorage\2b74d1d98770de0873ffd1bdd85b52c3\redhat.java         {manageable} {command line}
   size_t InitialHeapSize                          = 104857600                                 {product} {command line}
   size_t MaxHeapSize                              = 2147483648                                {product} {command line}
   size_t MaxNewSize                               = 715653120                                 {product} {ergonomic}
   size_t MinHeapDeltaBytes                        = 524288                                    {product} {ergonomic}
   size_t MinHeapSize                              = 104857600                                 {product} {command line}
   size_t NewSize                                  = 34603008                                  {product} {ergonomic}
    uintx NonNMethodCodeHeapSize                   = 5839372                                {pd product} {ergonomic}
    uintx NonProfiledCodeHeapSize                  = 122909434                              {pd product} {ergonomic}
   size_t OldSize                                  = 70254592                                  {product} {ergonomic}
    uintx ProfiledCodeHeapSize                     = 122909434                              {pd product} {ergonomic}
    uintx ReservedCodeCacheSize                    = 251658240                              {pd product} {ergonomic}
     bool SegmentedCodeCache                       = true                                      {product} {ergonomic}
   size_t SoftMaxHeapSize                          = 2147483648                             {manageable} {ergonomic}
     bool UseCompressedOops                        = true                           {product lp64_product} {ergonomic}
     bool UseLargePagesIndividualAllocation        = false                                  {pd product} {ergonomic}
     bool UseParallelGC                            = true                                      {product} {command line}

Logging:
Log output configuration:
 #0: stdout all=off uptime,level,tags foldmultilines=false
 #1: stderr all=off uptime,level,tags foldmultilines=false

Release file:
JAVA_VERSION="21.0.10" 
MODULES="java.base java.compiler java.datatransfer java.xml java.prefs java.desktop java.instrument java.logging java.management java.security.sasl java.naming java.rmi java.management.rmi java.net.http java.scripting java.security.jgss java.transaction.xa java.sql java.sql.rowset java.xml.crypto java.se java.smartcardio jdk.accessibility jdk.internal.jvmstat jdk.attach jdk.charsets jdk.internal.opt jdk.zipfs jdk.compiler jdk.crypto.ec jdk.crypto.cryptoki jdk.crypto.mscapi jdk.dynalink jdk.internal.ed jdk.editpad jdk.hotspot.agent jdk.httpserver jdk.internal.le jdk.internal.vm.ci jdk.internal.vm.compiler jdk.internal.vm.compiler.management jdk.jartool jdk.javadoc jdk.jcmd jdk.management jdk.management.agent jdk.jconsole jdk.jdeps jdk.jdwp.agent jdk.jdi jdk.jfr jdk.jshell jdk.jsobject jdk.jstatd jdk.localedata jdk.management.jfr jdk.naming.dns jdk.naming.rmi jdk.net jdk.nio.mapmode jdk.random jdk.sctp jdk.security.auth jdk.security.jgss jdk.unsupported jdk.unsupported.desktop jdk.xml.dom" 

Environment Variables:
JAVA_HOME=C:\Program Files\Eclipse Adoptium\jdk-17.0.19.10-hotspot\
PATH=C:\Users\marti\AppData\Local\Programs\Microsoft VS Code;C:\Program Files\Eclipse Adoptium\jdk-17.0.19.10-hotspot\bin;C:\Program Files (x86)\Common Files\Oracle\Java\java8path;C:\Program Files (x86)\Common Files\Oracle\Java\javapath;C:\WINDOWS\system32;C:\WINDOWS;C:\WINDOWS\System32\Wbem;C:\WINDOWS\System32\WindowsPowerShell\v1.0\;C:\WINDOWS\System32\OpenSSH\;C:\Program Files (x86)\Windows Kits\10\Windows Performance Toolkit\;C:\Program Files\nodejs\;C:\Program Files\Git\cmd;C:\Users\marti\AppData\Local\Microsoft\WindowsApps;C:\Users\marti\AppData\Local\Programs\Microsoft VS Code\bin;C:\MinGW\bin;C:\Users\marti\AppData\Local\GitHubDesktop\bin;C:\Users\marti\AppData\Roaming\npm
USERNAME=marti
OS=Windows_NT
PROCESSOR_IDENTIFIER=AMD64 Family 23 Model 160 Stepping 0, AuthenticAMD
TMP=C:\Users\marti\AppData\Local\Temp
TEMP=C:\Users\marti\AppData\Local\Temp




Periodic native trim disabled

---------------  S Y S T E M  ---------------

OS:
 Windows 11 , 64 bit Build 26100 (10.0.26100.8246)
OS uptime: 5 days 1:06 hours
Hyper-V role detected

CPU: total 8 (initial active 8) (8 cores per cpu, 2 threads per core) family 23 model 160 stepping 0 microcode 0x8a00006, cx8, cmov, fxsr, ht, mmx, 3dnowpref, sse, sse2, sse3, ssse3, sse4a, sse4.1, sse4.2, popcnt, lzcnt, tsc, tscinvbit, avx, avx2, aes, clmul, bmi1, bmi2, adx, sha, fma, vzeroupper, clflush, clflushopt, hv, rdtscp, rdpid, f16c
Processor Information for the first 8 processors :
  Max Mhz: 2801, Current Mhz: 2801, Mhz Limit: 2801

Memory: 4k page, system-wide physical 5965M (130M free)
TotalPageFile size 24397M (AvailPageFile size 3M)
current process WorkingSet (physical memory assigned to process): 7M, peak: 492M
current process commit charge ("private bytes"): 622M, peak: 650M

vm_info: OpenJDK 64-Bit Server VM (21.0.10+7-LTS) for windows-amd64 JRE (21.0.10+7-LTS), built on 2026-01-20T00:00:00Z by "admin" with MS VC++ 17.12 (VS2022)

END.
